<?xml version="1.0" encoding="UTF-8"?>
<testng-results ignored="0" total="1" passed="1" failed="0" skipped="0">
  <reporter-output>
  </reporter-output>
  <suite started-at="2024-06-03T09:21:11Z" name="Suite" finished-at="2024-06-03T09:21:13Z" duration-ms="2404">
    <groups>
    </groups>
    <test started-at="2024-06-03T09:21:11Z" name="Test" finished-at="2024-06-03T09:21:13Z" duration-ms="2404">
      <class name="org.run.B">
        <test-method signature="tc4()[pri:0, instance:org.run.B@babafc2]" started-at="2024-06-03T09:21:11Z" name="tc4" finished-at="2024-06-03T09:21:13Z" duration-ms="2384" status="PASS">
          <reporter-output>
          </reporter-output>
        </test-method> <!-- tc4 -->
      </class> <!-- org.run.B -->
    </test> <!-- Test -->
  </suite> <!-- Suite -->
</testng-results>
